C51 COMPILER V9.54   BUZZER                                                                11/06/2024 15:11:47 PAGE 1   


C51 COMPILER V9.54, COMPILATION OF MODULE BUZZER
OBJECT MODULE PLACED IN ..\OUTPUT\buzzer.obj
COMPILER INVOKED BY: E:\Keil_C51\C51\BIN\C51.EXE ..\SOURCE\buzzer.c OPTIMIZE(8,SPEED) BROWSE INCDIR(..\SOURCE) DEBUG OBJ
                    -ECTEXTEND PRINT(..\LISTING\buzzer.lst) TABS(2) OBJECT(..\OUTPUT\buzzer.obj)

line level    source

   1          // #include "buzzer.h"
   2          // #include <REG51.H>
   3          
   4          // void buzzer_beep()
   5          // {
   6          
   7          // }


MODULE INFORMATION:   STATIC OVERLAYABLE
   CODE SIZE        =   ----    ----
   CONSTANT SIZE    =   ----    ----
   XDATA SIZE       =   ----    ----
   PDATA SIZE       =   ----    ----
   DATA SIZE        =   ----    ----
   IDATA SIZE       =   ----    ----
   BIT SIZE         =   ----    ----
END OF MODULE INFORMATION.


C51 COMPILATION COMPLETE.  0 WARNING(S),  0 ERROR(S)
