C51 COMPILER V9.54   INTERRUPT                                                             10/02/2024 11:03:37 PAGE 1   


C51 COMPILER V9.54, COMPILATION OF MODULE INTERRUPT
OBJECT MODULE PLACED IN ..\OUTPUT\interrupt.obj
COMPILER INVOKED BY: E:\Keil_C51\C51\BIN\C51.EXE ..\SOURCE\interrupt.c OPTIMIZE(8,SPEED) BROWSE INCDIR(..\SOURCE) DEBUG 
                    -OBJECTEXTEND PRINT(..\LISTING\interrupt.lst) TABS(2) OBJECT(..\OUTPUT\interrupt.obj)

line level    source

   1          #include "interrupt.h"
   2          #include "REG51.H"
   3          #include "key.h"
   4          #include "service_fun.h"
   5          
   6          
   7          void INT0_init()
   8          {
   9   1          EA = 1;    // 总开关
  10   1          EX0 = 1;   // 中断开关
  11   1          IT0 = 1;   // 设置中断触发模式
  12   1          PX0 = 0;   // 设置优先级
  13   1      }
  14          
  15          void INT0_service() interrupt 0
  16          {
  17   1          // 进入中断意味着有按键按下，此时查看按下的按键
  18   1          counting_machine();
  19   1      }


MODULE INFORMATION:   STATIC OVERLAYABLE
   CODE SIZE        =     68    ----
   CONSTANT SIZE    =   ----    ----
   XDATA SIZE       =   ----    ----
   PDATA SIZE       =   ----    ----
   DATA SIZE        =   ----    ----
   IDATA SIZE       =   ----    ----
   BIT SIZE         =   ----    ----
END OF MODULE INFORMATION.


C51 COMPILATION COMPLETE.  0 WARNING(S),  0 ERROR(S)
